[debug] [2020-08-05T20:18:36.516Z] ----------------------------------------------------------------------
[debug] [2020-08-05T20:18:36.529Z] Command:       C:\Program Files\nodejs\node.exe C:\Users\DELL\AppData\Roaming\npm\node_modules\firebase-tools\lib\bin\firebase.js init
[debug] [2020-08-05T20:18:36.530Z] CLI Version:   8.7.0
[debug] [2020-08-05T20:18:36.530Z] Platform:      win32
[debug] [2020-08-05T20:18:36.530Z] Node Version:  v10.16.0
[debug] [2020-08-05T20:18:36.622Z] Time:          Thu Aug 06 2020 01:48:36 GMT+0530 (India Standard Time)
[debug] [2020-08-05T20:18:36.622Z] ----------------------------------------------------------------------
[debug] [2020-08-05T20:18:36.623Z] 
[debug] [2020-08-05T20:18:36.662Z] > command requires scopes: ["email","openid","https://www.googleapis.com/auth/cloudplatformprojects.readonly","https://www.googleapis.com/auth/firebase","https://www.googleapis.com/auth/cloud-platform"]
[debug] [2020-08-05T20:18:36.663Z] > authorizing via signed-in user
[info] 
     ######## #### ########  ######## ########     ###     ######  ########
     ##        ##  ##     ## ##       ##     ##  ##   ##  ##       ##
     ######    ##  ########  ######   ########  #########  ######  ######
     ##        ##  ##    ##  ##       ##     ## ##     ##       ## ##
     ##       #### ##     ## ######## ########  ##     ##  ######  ########

You're about to initialize a Firebase project in this directory:

  D:\MERN STACK\react-covid19-tracker

Before we get started, keep in mind:

  * You are initializing in an existing Firebase project directory

